2018-11-22 18:55:14,391 - get_rss - INFO - Start get_rss()
2018-11-22 18:55:14,400 - get_rss - INFO - List url rss recived
2018-11-22 18:55:32,335 - get_rss - INFO - Recive rss: rss_vedomosti_ru
2018-11-22 18:55:32,467 - get_rss - INFO - Insert news 200
2018-11-22 18:56:12,585 - get_rss - INFO - Recive rss: rss_lenta_ru
2018-11-22 18:56:12,685 - get_rss - INFO - Insert news 200
2018-11-22 18:56:16,534 - get_rss - INFO - Recive rss: rss_interfax_ru
2018-11-22 18:56:16,549 - get_rss - INFO - Insert news 25
2018-11-22 18:56:29,285 - get_rss - INFO - Recive rss: rss_tass_ru
2018-11-22 18:56:29,339 - get_rss - INFO - Insert news 100
2018-11-22 18:56:43,750 - get_rss - INFO - Recive rss: rss_rosbalt_ru
2018-11-22 18:56:43,801 - get_rss - INFO - Insert news 100
2018-11-22 18:57:01,766 - get_rss - INFO - Recive rss: rss_regnum_ru
2018-11-22 18:57:01,818 - get_rss - INFO - Insert news 100
2018-11-22 18:57:24,115 - get_rss - INFO - Recive rss: rss_rbc_ru
2018-11-22 18:57:24,198 - get_rss - INFO - Insert news 160
2018-11-22 18:57:36,630 - get_rss - INFO - Recive rss: rss_mk_ru
2018-11-22 18:57:36,670 - get_rss - INFO - Insert news 75
2018-11-22 18:57:36,671 - get_rss - INFO - rss_mk_ru: ok!
2018-11-26 18:20:42,379 - get_rss - INFO - Start get_rss()
2018-11-26 18:20:42,415 - get_rss - INFO - List url rss recived
2018-11-26 18:20:59,727 - get_rss - INFO - Recive rss: rss_vedomosti_ru
2018-11-26 18:21:00,117 - get_rss - INFO - Insert news 200
2018-11-26 18:21:40,364 - get_rss - INFO - Recive rss: rss_lenta_ru
2018-11-26 18:21:41,009 - get_rss - INFO - Insert news 200
2018-11-26 18:21:44,756 - get_rss - INFO - Recive rss: rss_interfax_ru
2018-11-26 18:21:44,823 - get_rss - INFO - Insert news 25
2018-11-26 18:21:57,443 - get_rss - INFO - Recive rss: rss_tass_ru
2018-11-26 18:21:57,630 - get_rss - INFO - Insert news 100
2018-11-26 18:22:12,255 - get_rss - INFO - Recive rss: rss_rosbalt_ru
2018-11-26 18:22:12,440 - get_rss - INFO - Insert news 100
2018-11-26 18:22:30,463 - get_rss - INFO - Recive rss: rss_regnum_ru
2018-11-26 18:22:30,643 - get_rss - INFO - Insert news 100
2018-11-26 18:22:52,099 - get_rss - INFO - Recive rss: rss_rbc_ru
2018-11-26 18:22:52,388 - get_rss - INFO - Insert news 160
2018-11-26 18:23:04,981 - get_rss - INFO - Recive rss: rss_mk_ru
2018-11-26 18:23:05,123 - get_rss - INFO - Insert news 75
2018-11-26 18:23:05,123 - get_rss - INFO - rss_mk_ru: ok!
2018-11-26 19:07:23,750 - get_rss - INFO - Start get_rss()
2018-11-26 19:07:23,756 - get_rss - INFO - List url rss recived
2018-11-26 19:07:25,389 - get_rss - INFO - Recive rss: rss_vedomosti_ru
2018-11-26 19:07:25,403 - get_rss - INFO - Insert news 3
2018-11-26 19:07:27,631 - get_rss - INFO - Recive rss: rss_lenta_ru
2018-11-26 19:07:27,658 - get_rss - INFO - Insert news 10
2018-11-26 19:07:28,101 - get_rss - INFO - Recive rss: rss_interfax_ru
2018-11-26 19:07:28,110 - get_rss - INFO - Insert news 10
2018-11-26 19:07:28,951 - get_rss - INFO - Recive rss: rss_tass_ru
2018-11-26 19:07:28,983 - get_rss - INFO - Insert news 45
2018-11-26 19:07:30,145 - get_rss - INFO - Recive rss: rss_rosbalt_ru
2018-11-26 19:07:30,165 - get_rss - INFO - Insert news 17
2018-11-26 19:07:31,342 - get_rss - INFO - Recive rss: rss_regnum_ru
2018-11-26 19:07:31,362 - get_rss - INFO - Insert news 24
2018-11-26 19:07:32,554 - get_rss - INFO - Recive rss: rss_rbc_ru
2018-11-26 19:07:32,572 - get_rss - INFO - Insert news 6
2018-11-26 19:07:33,593 - get_rss - INFO - Recive rss: rss_mk_ru
2018-11-26 19:07:33,619 - get_rss - INFO - Insert news 32
2018-11-26 19:07:33,619 - get_rss - INFO - rss_mk_ru: ok!
2018-11-26 19:08:54,119 - get_rss - INFO - Start get_rss()
2018-11-26 19:08:54,124 - get_rss - INFO - List url rss recived
2018-11-26 19:08:55,230 - get_rss - INFO - Recive rss: rss_vedomosti_ru
2018-11-26 19:08:55,236 - get_rss - INFO - Insert news 0
2018-11-26 19:08:57,371 - get_rss - INFO - Recive rss: rss_lenta_ru
2018-11-26 19:08:57,376 - get_rss - INFO - Insert news 0
2018-11-26 19:08:57,827 - get_rss - INFO - Recive rss: rss_interfax_ru
2018-11-26 19:08:57,829 - get_rss - INFO - Insert news 0
2018-11-26 19:08:58,616 - get_rss - INFO - Recive rss: rss_tass_ru
2018-11-26 19:08:58,620 - get_rss - INFO - Insert news 0
2018-11-26 19:08:59,765 - get_rss - INFO - Recive rss: rss_rosbalt_ru
2018-11-26 19:08:59,770 - get_rss - INFO - Insert news 2
2018-11-26 19:09:00,942 - get_rss - INFO - Recive rss: rss_regnum_ru
2018-11-26 19:09:00,948 - get_rss - INFO - Insert news 0
2018-11-26 19:09:02,762 - get_rss - INFO - Recive rss: rss_rbc_ru
2018-11-26 19:09:02,766 - get_rss - INFO - Insert news 0
2018-11-26 19:09:03,693 - get_rss - INFO - Recive rss: rss_mk_ru
2018-11-26 19:09:03,696 - get_rss - INFO - Insert news 0
2018-11-26 19:09:03,696 - get_rss - INFO - rss_mk_ru: ok!
2018-11-26 19:17:28,221 - get_rss - INFO - Start get_rss()
2018-11-26 19:17:28,225 - get_rss - INFO - List url rss recived
2018-11-26 19:17:29,845 - get_rss - INFO - Recive rss: rss_vedomosti_ru
2018-11-26 19:17:29,851 - get_rss - INFO - Insert news 0
2018-11-26 19:17:32,051 - get_rss - INFO - Recive rss: rss_lenta_ru
2018-11-26 19:17:32,057 - get_rss - INFO - Insert news 1
2018-11-26 19:17:32,562 - get_rss - INFO - Recive rss: rss_interfax_ru
2018-11-26 19:17:32,566 - get_rss - INFO - Insert news 1
2018-11-26 19:17:33,384 - get_rss - INFO - Recive rss: rss_tass_ru
2018-11-26 19:17:33,391 - get_rss - INFO - Insert news 5
2018-11-26 19:17:34,558 - get_rss - INFO - Recive rss: rss_rosbalt_ru
2018-11-26 19:17:34,562 - get_rss - INFO - Insert news 1
2018-11-26 19:17:35,662 - get_rss - INFO - Recive rss: rss_regnum_ru
2018-11-26 19:17:35,668 - get_rss - INFO - Insert news 4
2018-11-26 19:17:36,880 - get_rss - INFO - Recive rss: rss_rbc_ru
2018-11-26 19:17:36,886 - get_rss - INFO - Insert news 2
2018-11-26 19:17:37,860 - get_rss - INFO - Recive rss: rss_mk_ru
2018-11-26 19:17:37,869 - get_rss - INFO - Insert news 8
2018-11-26 19:17:37,870 - get_rss - INFO - rss_mk_ru: ok!
